app/build/intermediates/manifest_merge_blame_file/debug/manifest-merger-blame-debug-report.txt
1<?xml version="1.0" encoding="utf-8"?>
2<manifest xmlns:android="http://schemas.android.com/apk/res/android"
3    package="com.sevenminuteworkout"
4    android:versionCode="1"
5    android:versionName="1.0" >
6
7    <uses-sdk
8        android:minSdkVersion="21"
8-->src\main\AndroidManifest.xml
9        android:targetSdkVersion="29" />
9-->src\main\AndroidManifest.xml
10
11    <uses-permission android:name="android.permission.READ_EXTERNAL_STORAGE" />
11-->src\main\AndroidManifest.xml:6:5-80
11-->src\main\AndroidManifest.xml:6:22-77
12
13    <application
13-->src\main\AndroidManifest.xml:8:5-32:19
14        android:allowBackup="false"
14-->src\main\AndroidManifest.xml:9:9-36
15        android:appComponentFactory="androidx.core.app.CoreComponentFactory"
15-->[androidx.core:core:1.1.0] AndroidManifest.xml:24:18-86
16        android:debuggable="true"
17        android:icon="@mipmap/ic_launcher"
17-->src\main\AndroidManifest.xml:10:9-43
18        android:label="@string/app_name"
18-->src\main\AndroidManifest.xml:11:9-41
19        android:roundIcon="@mipmap/ic_launcher_round"
19-->src\main\AndroidManifest.xml:12:9-54
20        android:supportsRtl="true"
20-->src\main\AndroidManifest.xml:13:9-35
21        android:testOnly="true"
22        android:theme="@style/AppTheme" >
22-->src\main\AndroidManifest.xml:14:9-40
23        <activity android:name="com.sevenminuteworkout.Finish" />
23-->src\main\AndroidManifest.xml:16:9-53
23-->src\main\AndroidManifest.xml:16:19-41
24        <activity
24-->src\main\AndroidManifest.xml:17:9-27:20
25            android:name="com.sevenminuteworkout.MainActivity"
25-->src\main\AndroidManifest.xml:18:13-41
26            android:label="@string/app_name"
26-->src\main\AndroidManifest.xml:19:13-45
27            android:screenOrientation="portrait"
27-->src\main\AndroidManifest.xml:20:13-49
28            android:theme="@style/Theme.AppCompat.Light.NoActionBar" >
28-->src\main\AndroidManifest.xml:21:13-69
29            <intent-filter>
29-->src\main\AndroidManifest.xml:22:13-26:29
30                <action android:name="android.intent.action.MAIN" />
30-->src\main\AndroidManifest.xml:23:17-69
30-->src\main\AndroidManifest.xml:23:25-66
31
32                <category android:name="android.intent.category.LAUNCHER" />
32-->src\main\AndroidManifest.xml:25:17-77
32-->src\main\AndroidManifest.xml:25:27-74
33            </intent-filter>
34        </activity>
35        <activity
35-->src\main\AndroidManifest.xml:28:9-31:72
36            android:name="com.sevenminuteworkout.ExerciseActivity"
36-->src\main\AndroidManifest.xml:29:13-45
37            android:screenOrientation="portrait"
37-->src\main\AndroidManifest.xml:30:13-49
38            android:theme="@style/Theme.AppCompat.Light.NoActionBar" />
38-->src\main\AndroidManifest.xml:31:13-69
39    </application>
40
41</manifest>